<?xml version="1.0" encoding="UTF-8"?>
<!-- Generated by org.testng.reporters.JUnitXMLReporter -->
<testsuite ignored="14" hostname="IN-9H42M63" failures="0" tests="8" name="ChromeTest" time="169.48" errors="0" timestamp="2022-09-08T14:47:17 IST">
  <testcase classname="Selenium.Test.TestCases.LoginPageTest" name="loginTest" time="7.605"/>
  <testcase classname="Selenium.Test.TestCases.EndToEndTest" name="endToEndTest" time="29.764"/>
  <testcase classname="Selenium.Test.TestCases.AccountCreationPageTest" name="accountCreatePageTest" time="7.554"/>
  <testcase classname="Selenium.Test.TestCases.IndexPageTest" name="storeTitleTest" time="0.011"/>
  <testcase classname="Selenium.Test.TestCases.SearchResultPageTest" name="productAvailabilityTest" time="3.126"/>
  <testcase classname="Selenium.Test.TestCases.HomePageTest" name="orderHistoryDetailLabelTest" time="6.022"/>
  <testcase classname="Selenium.Test.TestCases.OrderPageTest" name="totalPriceTest" time="23.508"/>
  <testcase classname="Selenium.Test.TestCases.AddToCartPageTest" name="addToCartTest" time="9.495"/>
  <testcase classname="Selenium.Test.Base.BaseClass" name="@AfterSuite afterSuite" time="0.0">
    <ignored/>
  </testcase> <!-- @AfterSuite afterSuite -->
  <testcase classname="Selenium.Test.Base.BaseClass" name="@AfterSuite afterSuite" time="0.0">
    <ignored/>
  </testcase> <!-- @AfterSuite afterSuite -->
  <testcase classname="Selenium.Test.Base.BaseClass" name="@AfterSuite afterSuite" time="0.0">
    <ignored/>
  </testcase> <!-- @AfterSuite afterSuite -->
  <testcase classname="Selenium.Test.Base.BaseClass" name="@AfterSuite afterSuite" time="0.0">
    <ignored/>
  </testcase> <!-- @AfterSuite afterSuite -->
  <testcase classname="Selenium.Test.Base.BaseClass" name="@AfterSuite afterSuite" time="0.0">
    <ignored/>
  </testcase> <!-- @AfterSuite afterSuite -->
  <testcase classname="Selenium.Test.Base.BaseClass" name="@AfterSuite afterSuite" time="0.0">
    <ignored/>
  </testcase> <!-- @AfterSuite afterSuite -->
  <testcase classname="Selenium.Test.Base.BaseClass" name="@AfterSuite afterSuite" time="0.0">
    <ignored/>
  </testcase> <!-- @AfterSuite afterSuite -->
  <testcase classname="Selenium.Test.Base.BaseClass" name="@BeforeSuite beforeSuite" time="0.0">
    <ignored/>
  </testcase> <!-- @BeforeSuite beforeSuite -->
  <testcase classname="Selenium.Test.Base.BaseClass" name="@BeforeSuite beforeSuite" time="0.0">
    <ignored/>
  </testcase> <!-- @BeforeSuite beforeSuite -->
  <testcase classname="Selenium.Test.Base.BaseClass" name="@BeforeSuite beforeSuite" time="0.0">
    <ignored/>
  </testcase> <!-- @BeforeSuite beforeSuite -->
  <testcase classname="Selenium.Test.Base.BaseClass" name="@BeforeSuite beforeSuite" time="0.0">
    <ignored/>
  </testcase> <!-- @BeforeSuite beforeSuite -->
  <testcase classname="Selenium.Test.Base.BaseClass" name="@BeforeSuite beforeSuite" time="0.0">
    <ignored/>
  </testcase> <!-- @BeforeSuite beforeSuite -->
  <testcase classname="Selenium.Test.Base.BaseClass" name="@BeforeSuite beforeSuite" time="0.0">
    <ignored/>
  </testcase> <!-- @BeforeSuite beforeSuite -->
  <testcase classname="Selenium.Test.Base.BaseClass" name="@BeforeSuite beforeSuite" time="0.0">
    <ignored/>
  </testcase> <!-- @BeforeSuite beforeSuite -->
</testsuite> <!-- ChromeTest -->
