<?xml version="1.0" encoding="UTF-8"?>
<testng-results ignored="0" total="3" passed="3" failed="0" skipped="0">
  <reporter-output>
  </reporter-output>
  <suite started-at="2022-09-19T13:11:44 IST" name="GridParallel" finished-at="2022-09-19T13:12:45 IST" duration-ms="60415">
    <groups>
      <group name="Smoke">
        <method signature="IndexPageTest.storeTitleTest(java.lang.String)[pri:0, instance:Selenium.Test.TestCases.IndexPageTest@506ae4d4]" name="storeTitleTest" class="Selenium.Test.TestCases.IndexPageTest"/>
        <method signature="IndexPageTest.storeTitleTest(java.lang.String)[pri:0, instance:Selenium.Test.TestCases.IndexPageTest@1a6d8329]" name="storeTitleTest" class="Selenium.Test.TestCases.IndexPageTest"/>
        <method signature="IndexPageTest.storeTitleTest(java.lang.String)[pri:0, instance:Selenium.Test.TestCases.IndexPageTest@3c77d488]" name="storeTitleTest" class="Selenium.Test.TestCases.IndexPageTest"/>
      </group> <!-- Smoke -->
    </groups>
    <test started-at="2022-09-19T13:11:44 IST" name="ChromeTest" finished-at="2022-09-19T13:12:37 IST" duration-ms="52920">
      <class name="Selenium.Test.TestCases.IndexPageTest">
        <test-method is-config="true" signature="setup(java.lang.String)[pri:0, instance:Selenium.Test.TestCases.IndexPageTest@506ae4d4]" started-at="2022-09-19T13:11:48 IST" name="setup" finished-at="2022-09-19T13:12:33 IST" duration-ms="45333" status="PASS">
          <params>
            <param index="0">
              <value>
                <![CDATA[chrome]]>
              </value>
            </param>
          </params>
          <reporter-output>
          </reporter-output>
        </test-method> <!-- setup -->
        <test-method signature="storeTitleTest(java.lang.String)[pri:0, instance:Selenium.Test.TestCases.IndexPageTest@506ae4d4]" started-at="2022-09-19T13:12:33 IST" name="storeTitleTest" data-provider="getStoreTitle" finished-at="2022-09-19T13:12:34 IST" duration-ms="890" status="PASS">
          <params>
            <param index="0">
              <value>
                <![CDATA[My Store]]>
              </value>
            </param>
          </params>
          <reporter-output>
          </reporter-output>
        </test-method> <!-- storeTitleTest -->
        <test-method is-config="true" signature="tearDown()[pri:0, instance:Selenium.Test.TestCases.IndexPageTest@506ae4d4]" started-at="2022-09-19T13:12:34 IST" name="tearDown" finished-at="2022-09-19T13:12:37 IST" duration-ms="3288" status="PASS">
          <reporter-output>
          </reporter-output>
        </test-method> <!-- tearDown -->
        <test-method is-config="true" signature="tearDown1()[pri:0, instance:Selenium.Test.TestCases.IndexPageTest@506ae4d4]" started-at="2022-09-19T13:12:37 IST" name="tearDown1" finished-at="2022-09-19T13:12:37 IST" duration-ms="1" status="PASS">
          <reporter-output>
          </reporter-output>
        </test-method> <!-- tearDown1 -->
      </class> <!-- Selenium.Test.TestCases.IndexPageTest -->
    </test> <!-- ChromeTest -->
    <test started-at="2022-09-19T13:11:44 IST" name="EdgeTest" finished-at="2022-09-19T13:12:38 IST" duration-ms="54288">
      <class name="Selenium.Test.TestCases.IndexPageTest">
        <test-method is-config="true" signature="beforeSuite()[pri:0, instance:Selenium.Test.TestCases.IndexPageTest@3c77d488]" started-at="2022-09-19T13:11:43 IST" name="beforeSuite" finished-at="2022-09-19T13:11:44 IST" duration-ms="834" status="PASS">
          <reporter-output>
          </reporter-output>
        </test-method> <!-- beforeSuite -->
        <test-method is-config="true" signature="setup(java.lang.String)[pri:0, instance:Selenium.Test.TestCases.IndexPageTest@3c77d488]" started-at="2022-09-19T13:11:48 IST" name="setup" finished-at="2022-09-19T13:12:31 IST" duration-ms="43091" status="PASS">
          <params>
            <param index="0">
              <value>
                <![CDATA[Edge]]>
              </value>
            </param>
          </params>
          <reporter-output>
          </reporter-output>
        </test-method> <!-- setup -->
        <test-method signature="storeTitleTest(java.lang.String)[pri:0, instance:Selenium.Test.TestCases.IndexPageTest@3c77d488]" started-at="2022-09-19T13:12:31 IST" name="storeTitleTest" data-provider="getStoreTitle" finished-at="2022-09-19T13:12:34 IST" duration-ms="3643" status="PASS">
          <params>
            <param index="0">
              <value>
                <![CDATA[My Store]]>
              </value>
            </param>
          </params>
          <reporter-output>
          </reporter-output>
        </test-method> <!-- storeTitleTest -->
        <test-method is-config="true" signature="tearDown()[pri:0, instance:Selenium.Test.TestCases.IndexPageTest@3c77d488]" started-at="2022-09-19T13:12:34 IST" name="tearDown" finished-at="2022-09-19T13:12:38 IST" duration-ms="4173" status="PASS">
          <reporter-output>
          </reporter-output>
        </test-method> <!-- tearDown -->
        <test-method is-config="true" signature="tearDown1()[pri:0, instance:Selenium.Test.TestCases.IndexPageTest@3c77d488]" started-at="2022-09-19T13:12:38 IST" name="tearDown1" finished-at="2022-09-19T13:12:38 IST" duration-ms="1" status="PASS">
          <reporter-output>
          </reporter-output>
        </test-method> <!-- tearDown1 -->
        <test-method is-config="true" signature="afterSuite()[pri:0, instance:Selenium.Test.TestCases.IndexPageTest@3c77d488]" started-at="2022-09-19T13:12:45 IST" name="afterSuite" finished-at="2022-09-19T13:12:46 IST" duration-ms="1088" status="PASS">
          <reporter-output>
          </reporter-output>
        </test-method> <!-- afterSuite -->
      </class> <!-- Selenium.Test.TestCases.IndexPageTest -->
    </test> <!-- EdgeTest -->
    <test started-at="2022-09-19T13:11:44 IST" name="FirefoxTest" finished-at="2022-09-19T13:12:45 IST" duration-ms="60415">
      <class name="Selenium.Test.TestCases.IndexPageTest">
        <test-method is-config="true" signature="setup(java.lang.String)[pri:0, instance:Selenium.Test.TestCases.IndexPageTest@1a6d8329]" started-at="2022-09-19T13:11:48 IST" name="setup" finished-at="2022-09-19T13:12:42 IST" duration-ms="54329" status="PASS">
          <params>
            <param index="0">
              <value>
                <![CDATA[Firefox]]>
              </value>
            </param>
          </params>
          <reporter-output>
          </reporter-output>
        </test-method> <!-- setup -->
        <test-method signature="storeTitleTest(java.lang.String)[pri:0, instance:Selenium.Test.TestCases.IndexPageTest@1a6d8329]" started-at="2022-09-19T13:12:42 IST" name="storeTitleTest" data-provider="getStoreTitle" finished-at="2022-09-19T13:12:42 IST" duration-ms="44" status="PASS">
          <params>
            <param index="0">
              <value>
                <![CDATA[My Store]]>
              </value>
            </param>
          </params>
          <reporter-output>
          </reporter-output>
        </test-method> <!-- storeTitleTest -->
        <test-method is-config="true" signature="tearDown()[pri:0, instance:Selenium.Test.TestCases.IndexPageTest@1a6d8329]" started-at="2022-09-19T13:12:42 IST" name="tearDown" finished-at="2022-09-19T13:12:45 IST" duration-ms="2651" status="PASS">
          <reporter-output>
          </reporter-output>
        </test-method> <!-- tearDown -->
        <test-method is-config="true" signature="tearDown1()[pri:0, instance:Selenium.Test.TestCases.IndexPageTest@1a6d8329]" started-at="2022-09-19T13:12:45 IST" name="tearDown1" finished-at="2022-09-19T13:12:45 IST" duration-ms="0" status="PASS">
          <reporter-output>
          </reporter-output>
        </test-method> <!-- tearDown1 -->
      </class> <!-- Selenium.Test.TestCases.IndexPageTest -->
    </test> <!-- FirefoxTest -->
  </suite> <!-- GridParallel -->
</testng-results>
